0 info it worked if it ends with ok
1 verbose cli [ 'C:\\Program Files\\nodejs\\node.exe',
1 verbose cli   'C:\\Program Files\\nodejs\\node_modules\\npm\\bin\\npm-cli.js',
1 verbose cli   'install',
1 verbose cli   'webpack-dev-server',
1 verbose cli   '-g' ]
2 info using npm@3.10.8
3 info using node@v6.8.0
4 silly loadCurrentTree Starting
5 silly install loadCurrentTree
6 silly install readGlobalPackageData
7 silly fetchPackageMetaData webpack-dev-server
8 silly fetchNamedPackageData webpack-dev-server
9 silly mapToRegistry name webpack-dev-server
10 silly mapToRegistry using default registry
11 silly mapToRegistry registry https://registry.npmjs.org/
12 silly mapToRegistry data Result {
12 silly mapToRegistry   raw: 'webpack-dev-server',
12 silly mapToRegistry   scope: null,
12 silly mapToRegistry   escapedName: 'webpack-dev-server',
12 silly mapToRegistry   name: 'webpack-dev-server',
12 silly mapToRegistry   rawSpec: '',
12 silly mapToRegistry   spec: 'latest',
12 silly mapToRegistry   type: 'tag' }
13 silly mapToRegistry uri https://registry.npmjs.org/webpack-dev-server
14 verbose request uri https://registry.npmjs.org/webpack-dev-server
15 verbose request no auth needed
16 info attempt registry request try #1 at 14:29:48
17 verbose request id 0f0f8bcacac3bc2f
18 verbose etag W/"583808bb-24f4a"
19 verbose lastModified Fri, 25 Nov 2016 09:47:39 GMT
20 http request GET https://registry.npmjs.org/webpack-dev-server
21 info retry will retry, error on last attempt: Error: connect ETIMEDOUT 151.101.16.162:443
22 info attempt registry request try #2 at 14:30:20
23 verbose etag W/"583808bb-24f4a"
24 verbose lastModified Fri, 25 Nov 2016 09:47:39 GMT
25 http request GET https://registry.npmjs.org/webpack-dev-server
26 http 304 https://registry.npmjs.org/webpack-dev-server
27 verbose headers { date: 'Sat, 26 Nov 2016 06:30:35 GMT',
27 verbose headers   via: '1.1 varnish',
27 verbose headers   'cache-control': 'max-age=300',
27 verbose headers   etag: 'W/"583808bb-24f4a"',
27 verbose headers   age: '161',
27 verbose headers   connection: 'keep-alive',
27 verbose headers   'x-served-by': 'cache-lcy1128-LCY',
27 verbose headers   'x-cache': 'HIT',
27 verbose headers   'x-cache-hits': '2',
27 verbose headers   'x-timer': 'S1480141835.189124,VS0,VE0',
27 verbose headers   vary: 'Accept-Encoding' }
28 silly get cb [ 304,
28 silly get   { date: 'Sat, 26 Nov 2016 06:30:35 GMT',
28 silly get     via: '1.1 varnish',
28 silly get     'cache-control': 'max-age=300',
28 silly get     etag: 'W/"583808bb-24f4a"',
28 silly get     age: '161',
28 silly get     connection: 'keep-alive',
28 silly get     'x-served-by': 'cache-lcy1128-LCY',
28 silly get     'x-cache': 'HIT',
28 silly get     'x-cache-hits': '2',
28 silly get     'x-timer': 'S1480141835.189124,VS0,VE0',
28 silly get     vary: 'Accept-Encoding' } ]
29 verbose etag https://registry.npmjs.org/webpack-dev-server from cache
30 verbose get saving webpack-dev-server to C:\Users\Stone\AppData\Roaming\npm-cache\registry.npmjs.org\webpack-dev-server\.cache.json
31 verbose correctMkdir C:\Users\Stone\AppData\Roaming\npm-cache correctMkdir not in flight; initializing
32 silly install normalizeTree
33 silly loadCurrentTree Finishing
34 silly loadIdealTree Starting
35 silly install loadIdealTree
36 silly cloneCurrentTree Starting
37 silly install cloneCurrentTreeToIdealTree
38 silly cloneCurrentTree Finishing
39 silly loadShrinkwrap Starting
40 silly install loadShrinkwrap
41 silly loadShrinkwrap Finishing
42 silly loadAllDepsIntoIdealTree Starting
43 silly install loadAllDepsIntoIdealTree
44 silly resolveWithNewModule webpack-dev-server@1.16.2 checking installable status
45 silly cache add args [ 'webpack-dev-server', null ]
46 verbose cache add spec webpack-dev-server
47 silly cache add parsed spec Result {
47 silly cache add   raw: 'webpack-dev-server',
47 silly cache add   scope: null,
47 silly cache add   escapedName: 'webpack-dev-server',
47 silly cache add   name: 'webpack-dev-server',
47 silly cache add   rawSpec: '',
47 silly cache add   spec: 'latest',
47 silly cache add   type: 'tag' }
48 silly addNamed webpack-dev-server@latest
49 verbose addNamed "latest" is being treated as a dist-tag for webpack-dev-server
50 info addNameTag [ 'webpack-dev-server', 'latest' ]
51 silly mapToRegistry name webpack-dev-server
52 silly mapToRegistry using default registry
53 silly mapToRegistry registry https://registry.npmjs.org/
54 silly mapToRegistry data Result {
54 silly mapToRegistry   raw: 'webpack-dev-server',
54 silly mapToRegistry   scope: null,
54 silly mapToRegistry   escapedName: 'webpack-dev-server',
54 silly mapToRegistry   name: 'webpack-dev-server',
54 silly mapToRegistry   rawSpec: '',
54 silly mapToRegistry   spec: 'latest',
54 silly mapToRegistry   type: 'tag' }
55 silly mapToRegistry uri https://registry.npmjs.org/webpack-dev-server
56 verbose addNameTag registry:https://registry.npmjs.org/webpack-dev-server not in flight; fetching
57 verbose get https://registry.npmjs.org/webpack-dev-server not expired, no request
58 silly addNameTag next cb for webpack-dev-server with tag latest
59 silly addNamed webpack-dev-server@1.16.2
60 verbose addNamed "1.16.2" is a plain semver version for webpack-dev-server
61 silly mapToRegistry name webpack-dev-server
62 silly mapToRegistry using default registry
63 silly mapToRegistry registry https://registry.npmjs.org/
64 silly mapToRegistry data Result {
64 silly mapToRegistry   raw: 'webpack-dev-server',
64 silly mapToRegistry   scope: null,
64 silly mapToRegistry   escapedName: 'webpack-dev-server',
64 silly mapToRegistry   name: 'webpack-dev-server',
64 silly mapToRegistry   rawSpec: '',
64 silly mapToRegistry   spec: 'latest',
64 silly mapToRegistry   type: 'tag' }
65 silly mapToRegistry uri https://registry.npmjs.org/webpack-dev-server
66 verbose addRemoteTarball https://registry.npmjs.org/webpack-dev-server/-/webpack-dev-server-1.16.2.tgz not in flight; adding
67 verbose addRemoteTarball [ 'https://registry.npmjs.org/webpack-dev-server/-/webpack-dev-server-1.16.2.tgz',
67 verbose addRemoteTarball   '8bebc2c4ce1c45a15c72dd769d9ba08db306a793' ]
68 info retry fetch attempt 1 at 14:30:53
69 info attempt registry request try #1 at 14:30:53
70 http fetch GET https://registry.npmjs.org/webpack-dev-server/-/webpack-dev-server-1.16.2.tgz
71 http fetch 200 https://registry.npmjs.org/webpack-dev-server/-/webpack-dev-server-1.16.2.tgz
72 info retry will retry, error on last attempt: Error: read ECONNRESET
73 silly fetchAndShaCheck shasum 8bebc2c4ce1c45a15c72dd769d9ba08db306a793
74 silly rollbackFailedOptional Starting
75 silly rollbackFailedOptional Finishing
76 silly runTopLevelLifecycles Finishing
77 silly install printInstalled
78 verbose stack Error: shasum check failed for C:\Users\Stone\AppData\Local\Temp\npm-1732-abac5a22\registry.npmjs.org\webpack-dev-server\-\webpack-dev-server-1.16.2.tgz
78 verbose stack Expected: 8bebc2c4ce1c45a15c72dd769d9ba08db306a793
78 verbose stack Actual:   7c4ac680a1eae1a9b56914746bd681da7133b88f
78 verbose stack From:     https://registry.npmjs.org/webpack-dev-server/-/webpack-dev-server-1.16.2.tgz
78 verbose stack     at C:\Program Files\nodejs\node_modules\npm\node_modules\sha\index.js:25:8
78 verbose stack     at ReadStream.<anonymous> (C:\Program Files\nodejs\node_modules\npm\node_modules\sha\index.js:72:7)
78 verbose stack     at emitNone (events.js:91:20)
78 verbose stack     at ReadStream.emit (events.js:185:7)
78 verbose stack     at endReadableNT (_stream_readable.js:974:12)
78 verbose stack     at _combinedTickCallback (internal/process/next_tick.js:74:11)
78 verbose stack     at process._tickCallback (internal/process/next_tick.js:98:9)
79 verbose cwd F:\solutions\coding\yux-web\public\sass
80 error Windows_NT 10.0.14393
81 error argv "C:\\Program Files\\nodejs\\node.exe" "C:\\Program Files\\nodejs\\node_modules\\npm\\bin\\npm-cli.js" "install" "webpack-dev-server" "-g"
82 error node v6.8.0
83 error npm  v3.10.8
84 error shasum check failed for C:\Users\Stone\AppData\Local\Temp\npm-1732-abac5a22\registry.npmjs.org\webpack-dev-server\-\webpack-dev-server-1.16.2.tgz
84 error Expected: 8bebc2c4ce1c45a15c72dd769d9ba08db306a793
84 error Actual:   7c4ac680a1eae1a9b56914746bd681da7133b88f
84 error From:     https://registry.npmjs.org/webpack-dev-server/-/webpack-dev-server-1.16.2.tgz
85 error If you need help, you may report this error at:
85 error     <https://github.com/npm/npm/issues>
86 verbose exit [ 1, true ]
